[2024-01-26T09:29:59.312+0000] {manager.py:469} INFO - Processing files using up to 2 processes at a time 
[2024-01-26T09:29:59.312+0000] {manager.py:470} INFO - Process each file at most once every 30 seconds
[2024-01-26T09:29:59.313+0000] {manager.py:471} INFO - Checking for new files in /opt/airflow/dags every 15 seconds
[2024-01-26T09:29:59.313+0000] {manager.py:738} INFO - Searching for files in /opt/airflow/dags
[2024-01-26T09:29:59.318+0000] {manager.py:741} INFO - There are 0 files in /opt/airflow/dags
[2024-01-26T09:30:14.489+0000] {manager.py:738} INFO - Searching for files in /opt/airflow/dags
[2024-01-26T09:30:14.491+0000] {manager.py:741} INFO - There are 0 files in /opt/airflow/dags
[2024-01-26T09:30:29.566+0000] {manager.py:738} INFO - Searching for files in /opt/airflow/dags
[2024-01-26T09:30:29.567+0000] {manager.py:741} INFO - There are 0 files in /opt/airflow/dags
[2024-01-26T09:30:44.631+0000] {manager.py:738} INFO - Searching for files in /opt/airflow/dags
[2024-01-26T09:30:44.631+0000] {manager.py:741} INFO - There are 0 files in /opt/airflow/dags
[2024-01-26T09:30:59.696+0000] {manager.py:738} INFO - Searching for files in /opt/airflow/dags
[2024-01-26T09:30:59.697+0000] {manager.py:741} INFO - There are 0 files in /opt/airflow/dags
[2024-01-26T09:31:14.762+0000] {manager.py:738} INFO - Searching for files in /opt/airflow/dags
[2024-01-26T09:31:14.762+0000] {manager.py:741} INFO - There are 0 files in /opt/airflow/dags
[2024-01-26T09:31:29.819+0000] {manager.py:738} INFO - Searching for files in /opt/airflow/dags
[2024-01-26T09:31:29.819+0000] {manager.py:741} INFO - There are 0 files in /opt/airflow/dags
[2024-01-26T09:31:44.882+0000] {manager.py:738} INFO - Searching for files in /opt/airflow/dags
[2024-01-26T09:31:44.883+0000] {manager.py:741} INFO - There are 0 files in /opt/airflow/dags
[2024-01-26T09:31:59.945+0000] {manager.py:738} INFO - Searching for files in /opt/airflow/dags
[2024-01-26T09:31:59.945+0000] {manager.py:741} INFO - There are 0 files in /opt/airflow/dags
[2024-01-26T09:32:15.005+0000] {manager.py:738} INFO - Searching for files in /opt/airflow/dags
[2024-01-26T09:32:15.006+0000] {manager.py:741} INFO - There are 0 files in /opt/airflow/dags
[2024-01-26T09:32:30.063+0000] {manager.py:738} INFO - Searching for files in /opt/airflow/dags
[2024-01-26T09:32:30.064+0000] {manager.py:741} INFO - There are 0 files in /opt/airflow/dags
[2024-01-26T09:32:45.121+0000] {manager.py:738} INFO - Searching for files in /opt/airflow/dags
[2024-01-26T09:32:45.122+0000] {manager.py:741} INFO - There are 0 files in /opt/airflow/dags
[2024-01-26T09:33:00.178+0000] {manager.py:738} INFO - Searching for files in /opt/airflow/dags
[2024-01-26T09:33:00.179+0000] {manager.py:741} INFO - There are 0 files in /opt/airflow/dags
[2024-01-26T09:33:15.233+0000] {manager.py:738} INFO - Searching for files in /opt/airflow/dags
[2024-01-26T09:33:15.234+0000] {manager.py:741} INFO - There are 0 files in /opt/airflow/dags
[2024-01-26T09:33:30.295+0000] {manager.py:738} INFO - Searching for files in /opt/airflow/dags
[2024-01-26T09:33:30.296+0000] {manager.py:741} INFO - There are 0 files in /opt/airflow/dags
[2024-01-26T09:33:45.350+0000] {manager.py:738} INFO - Searching for files in /opt/airflow/dags
[2024-01-26T09:33:45.351+0000] {manager.py:741} INFO - There are 0 files in /opt/airflow/dags
[2024-01-26T09:34:00.408+0000] {manager.py:738} INFO - Searching for files in /opt/airflow/dags
[2024-01-26T09:34:00.408+0000] {manager.py:741} INFO - There are 0 files in /opt/airflow/dags
[2024-01-26T09:34:15.463+0000] {manager.py:738} INFO - Searching for files in /opt/airflow/dags
[2024-01-26T09:34:15.463+0000] {manager.py:741} INFO - There are 0 files in /opt/airflow/dags
[2024-01-26T09:34:30.524+0000] {manager.py:738} INFO - Searching for files in /opt/airflow/dags
[2024-01-26T09:34:30.525+0000] {manager.py:741} INFO - There are 0 files in /opt/airflow/dags
[2024-01-26T09:34:45.597+0000] {manager.py:738} INFO - Searching for files in /opt/airflow/dags
[2024-01-26T09:34:45.597+0000] {manager.py:741} INFO - There are 0 files in /opt/airflow/dags
[2024-01-26T09:35:00.653+0000] {manager.py:738} INFO - Searching for files in /opt/airflow/dags
[2024-01-26T09:35:00.653+0000] {manager.py:741} INFO - There are 0 files in /opt/airflow/dags
[2024-01-26T09:35:15.709+0000] {manager.py:738} INFO - Searching for files in /opt/airflow/dags
[2024-01-26T09:35:15.712+0000] {manager.py:741} INFO - There are 0 files in /opt/airflow/dags
[2024-01-26T09:35:30.803+0000] {manager.py:738} INFO - Searching for files in /opt/airflow/dags
[2024-01-26T09:35:30.803+0000] {manager.py:741} INFO - There are 0 files in /opt/airflow/dags
[2024-01-26T09:35:45.860+0000] {manager.py:738} INFO - Searching for files in /opt/airflow/dags
[2024-01-26T09:35:45.860+0000] {manager.py:741} INFO - There are 0 files in /opt/airflow/dags
[2024-01-26T09:36:00.918+0000] {manager.py:738} INFO - Searching for files in /opt/airflow/dags
[2024-01-26T09:36:00.919+0000] {manager.py:741} INFO - There are 0 files in /opt/airflow/dags
[2024-01-26T09:36:15.980+0000] {manager.py:738} INFO - Searching for files in /opt/airflow/dags
[2024-01-26T09:36:15.981+0000] {manager.py:741} INFO - There are 0 files in /opt/airflow/dags
[2024-01-26T09:36:31.042+0000] {manager.py:738} INFO - Searching for files in /opt/airflow/dags
[2024-01-26T09:36:31.043+0000] {manager.py:741} INFO - There are 0 files in /opt/airflow/dags
[2024-01-26T09:36:46.100+0000] {manager.py:738} INFO - Searching for files in /opt/airflow/dags
[2024-01-26T09:36:46.101+0000] {manager.py:741} INFO - There are 0 files in /opt/airflow/dags
[2024-01-26T09:37:01.160+0000] {manager.py:738} INFO - Searching for files in /opt/airflow/dags
[2024-01-26T09:37:01.161+0000] {manager.py:741} INFO - There are 0 files in /opt/airflow/dags
[2024-01-26T09:37:16.225+0000] {manager.py:738} INFO - Searching for files in /opt/airflow/dags
[2024-01-26T09:37:16.226+0000] {manager.py:741} INFO - There are 0 files in /opt/airflow/dags
[2024-01-26T09:37:31.281+0000] {manager.py:738} INFO - Searching for files in /opt/airflow/dags
[2024-01-26T09:37:31.281+0000] {manager.py:741} INFO - There are 0 files in /opt/airflow/dags
[2024-01-26T09:37:46.335+0000] {manager.py:738} INFO - Searching for files in /opt/airflow/dags
[2024-01-26T09:37:46.335+0000] {manager.py:741} INFO - There are 0 files in /opt/airflow/dags
[2024-01-26T09:38:01.392+0000] {manager.py:738} INFO - Searching for files in /opt/airflow/dags
[2024-01-26T09:38:01.393+0000] {manager.py:741} INFO - There are 0 files in /opt/airflow/dags
[2024-01-26T09:38:16.450+0000] {manager.py:738} INFO - Searching for files in /opt/airflow/dags
[2024-01-26T09:38:16.451+0000] {manager.py:741} INFO - There are 0 files in /opt/airflow/dags
[2024-01-26T09:38:31.507+0000] {manager.py:738} INFO - Searching for files in /opt/airflow/dags
[2024-01-26T09:38:31.508+0000] {manager.py:741} INFO - There are 0 files in /opt/airflow/dags
[2024-01-26T09:38:46.562+0000] {manager.py:738} INFO - Searching for files in /opt/airflow/dags
[2024-01-26T09:38:46.562+0000] {manager.py:741} INFO - There are 0 files in /opt/airflow/dags
[2024-01-26T09:39:01.623+0000] {manager.py:738} INFO - Searching for files in /opt/airflow/dags
[2024-01-26T09:39:01.623+0000] {manager.py:741} INFO - There are 0 files in /opt/airflow/dags
[2024-01-26T09:39:16.679+0000] {manager.py:738} INFO - Searching for files in /opt/airflow/dags
[2024-01-26T09:39:16.680+0000] {manager.py:741} INFO - There are 0 files in /opt/airflow/dags
[2024-01-26T09:39:31.743+0000] {manager.py:738} INFO - Searching for files in /opt/airflow/dags
[2024-01-26T09:39:31.744+0000] {manager.py:741} INFO - There are 0 files in /opt/airflow/dags
[2024-01-26T09:39:46.821+0000] {manager.py:738} INFO - Searching for files in /opt/airflow/dags
[2024-01-26T09:39:46.822+0000] {manager.py:741} INFO - There are 0 files in /opt/airflow/dags
[2024-01-26T09:39:59.307+0000] {manager.py:451} INFO - Exiting gracefully upon receiving signal 15
[2024-01-26T09:42:58.675+0000] {manager.py:469} INFO - Processing files using up to 2 processes at a time 
[2024-01-26T09:42:58.676+0000] {manager.py:470} INFO - Process each file at most once every 30 seconds
[2024-01-26T09:42:58.677+0000] {manager.py:471} INFO - Checking for new files in /opt/airflow/dags every 15 seconds
[2024-01-26T09:42:58.677+0000] {manager.py:738} INFO - Searching for files in /opt/airflow/dags
[2024-01-26T09:42:58.678+0000] {manager.py:741} INFO - There are 0 files in /opt/airflow/dags
[2024-01-26T09:43:13.770+0000] {manager.py:738} INFO - Searching for files in /opt/airflow/dags
[2024-01-26T09:43:13.771+0000] {manager.py:741} INFO - There are 0 files in /opt/airflow/dags
[2024-01-26T09:43:28.827+0000] {manager.py:738} INFO - Searching for files in /opt/airflow/dags
[2024-01-26T09:43:28.828+0000] {manager.py:741} INFO - There are 0 files in /opt/airflow/dags
[2024-01-26T09:43:43.884+0000] {manager.py:738} INFO - Searching for files in /opt/airflow/dags
[2024-01-26T09:43:43.885+0000] {manager.py:741} INFO - There are 0 files in /opt/airflow/dags
[2024-01-26T09:43:58.943+0000] {manager.py:738} INFO - Searching for files in /opt/airflow/dags
[2024-01-26T09:43:58.944+0000] {manager.py:741} INFO - There are 0 files in /opt/airflow/dags
[2024-01-26T09:44:14.002+0000] {manager.py:738} INFO - Searching for files in /opt/airflow/dags
[2024-01-26T09:44:14.003+0000] {manager.py:741} INFO - There are 0 files in /opt/airflow/dags
[2024-01-26T09:44:29.061+0000] {manager.py:738} INFO - Searching for files in /opt/airflow/dags
[2024-01-26T09:44:29.062+0000] {manager.py:741} INFO - There are 0 files in /opt/airflow/dags
[2024-01-26T09:44:44.116+0000] {manager.py:738} INFO - Searching for files in /opt/airflow/dags
[2024-01-26T09:44:44.116+0000] {manager.py:741} INFO - There are 0 files in /opt/airflow/dags
[2024-01-26T09:44:59.176+0000] {manager.py:738} INFO - Searching for files in /opt/airflow/dags
[2024-01-26T09:44:59.177+0000] {manager.py:741} INFO - There are 0 files in /opt/airflow/dags
[2024-01-26T09:45:14.241+0000] {manager.py:738} INFO - Searching for files in /opt/airflow/dags
[2024-01-26T09:45:14.242+0000] {manager.py:741} INFO - There are 1 files in /opt/airflow/dags
[2024-01-26T09:45:29.339+0000] {manager.py:738} INFO - Searching for files in /opt/airflow/dags
[2024-01-26T09:45:29.343+0000] {manager.py:741} INFO - There are 1 files in /opt/airflow/dags
[2024-01-26T09:45:29.359+0000] {manager.py:879} INFO - 
================================================================================
DAG File Processing Stats

File Path                              PID    Runtime      # DAGs    # Errors  Last Runtime    Last Run
-------------------------------------  -----  ---------  --------  ----------  --------------  -------------------
/opt/airflow/dags/dog_api_pipeline.py                           1           0  0.08s           2024-01-26T09:45:19
================================================================================
[2024-01-26T09:45:44.423+0000] {manager.py:738} INFO - Searching for files in /opt/airflow/dags
[2024-01-26T09:45:44.425+0000] {manager.py:741} INFO - There are 1 files in /opt/airflow/dags
[2024-01-26T09:45:59.483+0000] {manager.py:738} INFO - Searching for files in /opt/airflow/dags
[2024-01-26T09:45:59.484+0000] {manager.py:741} INFO - There are 1 files in /opt/airflow/dags
[2024-01-26T09:45:59.489+0000] {manager.py:879} INFO - 
================================================================================
DAG File Processing Stats

File Path                              PID    Runtime      # DAGs    # Errors  Last Runtime    Last Run
-------------------------------------  -----  ---------  --------  ----------  --------------  -------------------
/opt/airflow/dags/dog_api_pipeline.py                           1           0  0.07s           2024-01-26T09:45:31
================================================================================
[2024-01-26T09:46:14.575+0000] {manager.py:738} INFO - Searching for files in /opt/airflow/dags
[2024-01-26T09:46:14.576+0000] {manager.py:741} INFO - There are 1 files in /opt/airflow/dags
[2024-01-26T09:46:29.643+0000] {manager.py:738} INFO - Searching for files in /opt/airflow/dags
[2024-01-26T09:46:29.645+0000] {manager.py:741} INFO - There are 1 files in /opt/airflow/dags
[2024-01-26T09:46:29.651+0000] {manager.py:879} INFO - 
================================================================================
DAG File Processing Stats

File Path                              PID    Runtime      # DAGs    # Errors  Last Runtime    Last Run
-------------------------------------  -----  ---------  --------  ----------  --------------  -------------------
/opt/airflow/dags/dog_api_pipeline.py                           1           0  0.08s           2024-01-26T09:46:01
================================================================================
[2024-01-26T09:46:44.740+0000] {manager.py:738} INFO - Searching for files in /opt/airflow/dags
[2024-01-26T09:46:44.744+0000] {manager.py:741} INFO - There are 1 files in /opt/airflow/dags
[2024-01-26T09:46:59.857+0000] {manager.py:738} INFO - Searching for files in /opt/airflow/dags
[2024-01-26T09:46:59.859+0000] {manager.py:741} INFO - There are 1 files in /opt/airflow/dags
[2024-01-26T09:46:59.867+0000] {manager.py:879} INFO - 
================================================================================
DAG File Processing Stats

File Path                              PID    Runtime      # DAGs    # Errors  Last Runtime    Last Run
-------------------------------------  -----  ---------  --------  ----------  --------------  -------------------
/opt/airflow/dags/dog_api_pipeline.py                           1           0  0.14s           2024-01-26T09:46:31
================================================================================
[2024-01-26T09:47:14.933+0000] {manager.py:738} INFO - Searching for files in /opt/airflow/dags
[2024-01-26T09:47:14.935+0000] {manager.py:741} INFO - There are 1 files in /opt/airflow/dags
[2024-01-26T09:47:16.716+0000] {manager.py:451} INFO - Exiting gracefully upon receiving signal 15
[2024-01-27T02:21:21.277+0000] {manager.py:469} INFO - Processing files using up to 2 processes at a time 
[2024-01-27T02:21:21.286+0000] {manager.py:470} INFO - Process each file at most once every 30 seconds
[2024-01-27T02:21:21.287+0000] {manager.py:471} INFO - Checking for new files in /opt/airflow/dags every 15 seconds
[2024-01-27T02:21:21.287+0000] {manager.py:738} INFO - Searching for files in /opt/airflow/dags
[2024-01-27T02:21:21.295+0000] {manager.py:741} INFO - There are 1 files in /opt/airflow/dags
[2024-01-27T02:21:21.550+0000] {manager.py:879} INFO - 
================================================================================
DAG File Processing Stats

File Path                                PID  Runtime      # DAGs    # Errors  Last Runtime    Last Run
-------------------------------------  -----  ---------  --------  ----------  --------------  ----------
/opt/airflow/dags/dog_api_pipeline.py    170  0.15s             0           0
================================================================================
[2024-01-27T02:21:36.607+0000] {manager.py:738} INFO - Searching for files in /opt/airflow/dags
[2024-01-27T02:21:36.609+0000] {manager.py:741} INFO - There are 1 files in /opt/airflow/dags
[2024-01-27T02:21:51.672+0000] {manager.py:738} INFO - Searching for files in /opt/airflow/dags
[2024-01-27T02:21:51.673+0000] {manager.py:741} INFO - There are 1 files in /opt/airflow/dags
[2024-01-27T02:21:51.680+0000] {manager.py:879} INFO - 
================================================================================
DAG File Processing Stats

File Path                              PID    Runtime      # DAGs    # Errors  Last Runtime    Last Run
-------------------------------------  -----  ---------  --------  ----------  --------------  -------------------
/opt/airflow/dags/dog_api_pipeline.py                           1           0  0.31s           2024-01-27T02:21:21
================================================================================
[2024-01-27T02:22:06.859+0000] {manager.py:738} INFO - Searching for files in /opt/airflow/dags
[2024-01-27T02:22:06.861+0000] {manager.py:741} INFO - There are 1 files in /opt/airflow/dags
[2024-01-27T02:22:21.934+0000] {manager.py:738} INFO - Searching for files in /opt/airflow/dags
[2024-01-27T02:22:21.936+0000] {manager.py:741} INFO - There are 1 files in /opt/airflow/dags
[2024-01-27T02:22:21.951+0000] {manager.py:879} INFO - 
================================================================================
DAG File Processing Stats

File Path                                PID  Runtime      # DAGs    # Errors  Last Runtime    Last Run
-------------------------------------  -----  ---------  --------  ----------  --------------  -------------------
/opt/airflow/dags/dog_api_pipeline.py    221  0.01s             1           0  0.07s           2024-01-27T02:21:51
================================================================================
[2024-01-27T02:22:37.010+0000] {manager.py:738} INFO - Searching for files in /opt/airflow/dags
[2024-01-27T02:22:37.012+0000] {manager.py:741} INFO - There are 1 files in /opt/airflow/dags
[2024-01-27T02:22:52.108+0000] {manager.py:738} INFO - Searching for files in /opt/airflow/dags
[2024-01-27T02:22:52.109+0000] {manager.py:741} INFO - There are 1 files in /opt/airflow/dags
[2024-01-27T02:22:52.120+0000] {manager.py:879} INFO - 
================================================================================
DAG File Processing Stats

File Path                                PID  Runtime      # DAGs    # Errors  Last Runtime    Last Run
-------------------------------------  -----  ---------  --------  ----------  --------------  -------------------
/opt/airflow/dags/dog_api_pipeline.py    245  0.00s             1           0  0.12s           2024-01-27T02:22:22
================================================================================
[2024-01-27T02:23:07.202+0000] {manager.py:738} INFO - Searching for files in /opt/airflow/dags
[2024-01-27T02:23:07.203+0000] {manager.py:741} INFO - There are 1 files in /opt/airflow/dags
[2024-01-27T02:23:22.265+0000] {manager.py:738} INFO - Searching for files in /opt/airflow/dags
[2024-01-27T02:23:22.266+0000] {manager.py:741} INFO - There are 1 files in /opt/airflow/dags
[2024-01-27T02:23:22.277+0000] {manager.py:879} INFO - 
================================================================================
DAG File Processing Stats

File Path                                PID  Runtime      # DAGs    # Errors  Last Runtime    Last Run
-------------------------------------  -----  ---------  --------  ----------  --------------  -------------------
/opt/airflow/dags/dog_api_pipeline.py    268  0.00s             1           0  0.07s           2024-01-27T02:22:52
================================================================================
[2024-01-27T02:23:37.338+0000] {manager.py:738} INFO - Searching for files in /opt/airflow/dags
[2024-01-27T02:23:37.340+0000] {manager.py:741} INFO - There are 1 files in /opt/airflow/dags
[2024-01-27T02:23:52.399+0000] {manager.py:738} INFO - Searching for files in /opt/airflow/dags
[2024-01-27T02:23:52.400+0000] {manager.py:741} INFO - There are 1 files in /opt/airflow/dags
[2024-01-27T02:23:52.412+0000] {manager.py:879} INFO - 
================================================================================
DAG File Processing Stats

File Path                                PID  Runtime      # DAGs    # Errors  Last Runtime    Last Run
-------------------------------------  -----  ---------  --------  ----------  --------------  -------------------
/opt/airflow/dags/dog_api_pipeline.py    298  0.00s             1           0  0.08s           2024-01-27T02:23:22
================================================================================
[2024-01-27T02:24:07.491+0000] {manager.py:738} INFO - Searching for files in /opt/airflow/dags
[2024-01-27T02:24:07.492+0000] {manager.py:741} INFO - There are 1 files in /opt/airflow/dags
[2024-01-27T02:24:22.553+0000] {manager.py:738} INFO - Searching for files in /opt/airflow/dags
[2024-01-27T02:24:22.555+0000] {manager.py:741} INFO - There are 1 files in /opt/airflow/dags
[2024-01-27T02:24:22.568+0000] {manager.py:879} INFO - 
================================================================================
DAG File Processing Stats

File Path                                PID  Runtime      # DAGs    # Errors  Last Runtime    Last Run
-------------------------------------  -----  ---------  --------  ----------  --------------  -------------------
/opt/airflow/dags/dog_api_pipeline.py    321  0.00s             1           0  0.08s           2024-01-27T02:23:52
================================================================================
[2024-01-27T02:24:37.623+0000] {manager.py:738} INFO - Searching for files in /opt/airflow/dags
[2024-01-27T02:24:37.625+0000] {manager.py:741} INFO - There are 1 files in /opt/airflow/dags
[2024-01-27T02:24:52.690+0000] {manager.py:738} INFO - Searching for files in /opt/airflow/dags
[2024-01-27T02:24:52.692+0000] {manager.py:741} INFO - There are 1 files in /opt/airflow/dags
[2024-01-27T02:24:52.708+0000] {manager.py:879} INFO - 
================================================================================
DAG File Processing Stats

File Path                                PID  Runtime      # DAGs    # Errors  Last Runtime    Last Run
-------------------------------------  -----  ---------  --------  ----------  --------------  -------------------
/opt/airflow/dags/dog_api_pipeline.py    349  0.01s             1           0  0.08s           2024-01-27T02:24:22
================================================================================
[2024-01-27T02:25:07.785+0000] {manager.py:738} INFO - Searching for files in /opt/airflow/dags
[2024-01-27T02:25:07.786+0000] {manager.py:741} INFO - There are 1 files in /opt/airflow/dags
[2024-01-27T02:25:22.842+0000] {manager.py:738} INFO - Searching for files in /opt/airflow/dags
[2024-01-27T02:25:22.843+0000] {manager.py:741} INFO - There are 1 files in /opt/airflow/dags
[2024-01-27T02:25:22.848+0000] {manager.py:879} INFO - 
================================================================================
DAG File Processing Stats

File Path                              PID    Runtime      # DAGs    # Errors  Last Runtime    Last Run
-------------------------------------  -----  ---------  --------  ----------  --------------  -------------------
/opt/airflow/dags/dog_api_pipeline.py                           1           0  0.16s           2024-01-27T02:24:52
================================================================================
[2024-01-27T02:25:38.009+0000] {manager.py:738} INFO - Searching for files in /opt/airflow/dags
[2024-01-27T02:25:38.010+0000] {manager.py:741} INFO - There are 1 files in /opt/airflow/dags
[2024-01-27T02:25:53.080+0000] {manager.py:738} INFO - Searching for files in /opt/airflow/dags
[2024-01-27T02:25:53.082+0000] {manager.py:741} INFO - There are 1 files in /opt/airflow/dags
[2024-01-27T02:25:53.096+0000] {manager.py:879} INFO - 
================================================================================
DAG File Processing Stats

File Path                                PID  Runtime      # DAGs    # Errors  Last Runtime    Last Run
-------------------------------------  -----  ---------  --------  ----------  --------------  -------------------
/opt/airflow/dags/dog_api_pipeline.py    394  0.00s             1           0  0.08s           2024-01-27T02:25:23
================================================================================
[2024-01-27T02:26:08.226+0000] {manager.py:738} INFO - Searching for files in /opt/airflow/dags
[2024-01-27T02:26:08.227+0000] {manager.py:741} INFO - There are 1 files in /opt/airflow/dags
[2024-01-27T02:26:23.288+0000] {manager.py:738} INFO - Searching for files in /opt/airflow/dags
[2024-01-27T02:26:23.289+0000] {manager.py:741} INFO - There are 1 files in /opt/airflow/dags
[2024-01-27T02:26:23.321+0000] {manager.py:879} INFO - 
================================================================================
DAG File Processing Stats

File Path                                PID  Runtime      # DAGs    # Errors  Last Runtime    Last Run
-------------------------------------  -----  ---------  --------  ----------  --------------  -------------------
/opt/airflow/dags/dog_api_pipeline.py    424  0.01s             1           0  0.11s           2024-01-27T02:25:53
================================================================================
[2024-01-27T02:26:38.388+0000] {manager.py:738} INFO - Searching for files in /opt/airflow/dags
[2024-01-27T02:26:38.390+0000] {manager.py:741} INFO - There are 1 files in /opt/airflow/dags
[2024-01-27T02:26:53.449+0000] {manager.py:738} INFO - Searching for files in /opt/airflow/dags
[2024-01-27T02:26:53.450+0000] {manager.py:741} INFO - There are 1 files in /opt/airflow/dags
[2024-01-27T02:26:53.456+0000] {manager.py:879} INFO - 
================================================================================
DAG File Processing Stats

File Path                              PID    Runtime      # DAGs    # Errors  Last Runtime    Last Run
-------------------------------------  -----  ---------  --------  ----------  --------------  -------------------
/opt/airflow/dags/dog_api_pipeline.py                           1           0  0.17s           2024-01-27T02:26:23
================================================================================
[2024-01-27T02:27:08.620+0000] {manager.py:738} INFO - Searching for files in /opt/airflow/dags
[2024-01-27T02:27:08.622+0000] {manager.py:741} INFO - There are 1 files in /opt/airflow/dags
[2024-01-27T02:27:23.680+0000] {manager.py:738} INFO - Searching for files in /opt/airflow/dags
[2024-01-27T02:27:23.681+0000] {manager.py:741} INFO - There are 1 files in /opt/airflow/dags
[2024-01-27T02:27:23.697+0000] {manager.py:879} INFO - 
================================================================================
DAG File Processing Stats

File Path                                PID  Runtime      # DAGs    # Errors  Last Runtime    Last Run
-------------------------------------  -----  ---------  --------  ----------  --------------  -------------------
/opt/airflow/dags/dog_api_pipeline.py    467  0.01s             1           0  0.08s           2024-01-27T02:26:53
================================================================================
[2024-01-27T02:27:38.780+0000] {manager.py:738} INFO - Searching for files in /opt/airflow/dags
[2024-01-27T02:27:38.781+0000] {manager.py:741} INFO - There are 1 files in /opt/airflow/dags
[2024-01-27T02:27:53.851+0000] {manager.py:738} INFO - Searching for files in /opt/airflow/dags
[2024-01-27T02:27:53.852+0000] {manager.py:741} INFO - There are 1 files in /opt/airflow/dags
[2024-01-27T02:27:53.863+0000] {manager.py:879} INFO - 
================================================================================
DAG File Processing Stats

File Path                                PID  Runtime      # DAGs    # Errors  Last Runtime    Last Run
-------------------------------------  -----  ---------  --------  ----------  --------------  -------------------
/opt/airflow/dags/dog_api_pipeline.py    499  0.00s             1           0  0.10s           2024-01-27T02:27:23
================================================================================
[2024-01-27T02:28:08.927+0000] {manager.py:738} INFO - Searching for files in /opt/airflow/dags
[2024-01-27T02:28:08.928+0000] {manager.py:741} INFO - There are 1 files in /opt/airflow/dags
[2024-01-27T02:28:23.987+0000] {manager.py:738} INFO - Searching for files in /opt/airflow/dags
[2024-01-27T02:28:23.988+0000] {manager.py:741} INFO - There are 1 files in /opt/airflow/dags
[2024-01-27T02:28:24.000+0000] {manager.py:879} INFO - 
================================================================================
DAG File Processing Stats

File Path                                PID  Runtime      # DAGs    # Errors  Last Runtime    Last Run
-------------------------------------  -----  ---------  --------  ----------  --------------  -------------------
/opt/airflow/dags/dog_api_pipeline.py    521  0.00s             1           0  0.08s           2024-01-27T02:27:53
================================================================================
[2024-01-27T02:28:39.061+0000] {manager.py:738} INFO - Searching for files in /opt/airflow/dags
[2024-01-27T02:28:39.065+0000] {manager.py:741} INFO - There are 1 files in /opt/airflow/dags
[2024-01-27T02:28:54.141+0000] {manager.py:738} INFO - Searching for files in /opt/airflow/dags
[2024-01-27T02:28:54.142+0000] {manager.py:741} INFO - There are 1 files in /opt/airflow/dags
[2024-01-27T02:28:54.159+0000] {manager.py:879} INFO - 
================================================================================
DAG File Processing Stats

File Path                                PID  Runtime      # DAGs    # Errors  Last Runtime    Last Run
-------------------------------------  -----  ---------  --------  ----------  --------------  -------------------
/opt/airflow/dags/dog_api_pipeline.py    550  0.01s             1           0  0.08s           2024-01-27T02:28:24
================================================================================
[2024-01-27T02:29:09.220+0000] {manager.py:738} INFO - Searching for files in /opt/airflow/dags
[2024-01-27T02:29:09.222+0000] {manager.py:741} INFO - There are 1 files in /opt/airflow/dags
