[2024-01-26T09:45:14.287+0000] {processor.py:161} INFO - Started process (PID=265) to work on /opt/airflow/dags/dog_api_pipeline.py
[2024-01-26T09:45:14.288+0000] {processor.py:830} INFO - Processing file /opt/airflow/dags/dog_api_pipeline.py for tasks to queue
[2024-01-26T09:45:14.289+0000] {logging_mixin.py:188} INFO - [2024-01-26T09:45:14.288+0000] {dagbag.py:538} INFO - Filling up the DagBag from /opt/airflow/dags/dog_api_pipeline.py
[2024-01-26T09:45:14.313+0000] {processor.py:840} INFO - DAG(s) 'dog_api_pipeline' retrieved from /opt/airflow/dags/dog_api_pipeline.py
[2024-01-26T09:45:14.582+0000] {logging_mixin.py:188} INFO - [2024-01-26T09:45:14.581+0000] {override.py:1769} INFO - Created Permission View: can edit on DAG:dog_api_pipeline
[2024-01-26T09:45:14.598+0000] {logging_mixin.py:188} INFO - [2024-01-26T09:45:14.598+0000] {override.py:1769} INFO - Created Permission View: can delete on DAG:dog_api_pipeline
[2024-01-26T09:45:14.612+0000] {logging_mixin.py:188} INFO - [2024-01-26T09:45:14.612+0000] {override.py:1769} INFO - Created Permission View: can read on DAG:dog_api_pipeline
[2024-01-26T09:45:14.613+0000] {logging_mixin.py:188} INFO - [2024-01-26T09:45:14.613+0000] {dag.py:3033} INFO - Sync 1 DAGs
[2024-01-26T09:45:14.630+0000] {logging_mixin.py:188} INFO - [2024-01-26T09:45:14.629+0000] {dag.py:3055} INFO - Creating ORM DAG for dog_api_pipeline
[2024-01-26T09:45:14.630+0000] {logging_mixin.py:188} INFO - [2024-01-26T09:45:14.630+0000] {dag.py:3820} INFO - Setting next_dagrun for dog_api_pipeline to None, run_after=None
[2024-01-26T09:45:14.662+0000] {processor.py:183} INFO - Processing /opt/airflow/dags/dog_api_pipeline.py took 0.378 seconds
[2024-01-26T09:45:19.309+0000] {processor.py:161} INFO - Started process (PID=271) to work on /opt/airflow/dags/dog_api_pipeline.py
[2024-01-26T09:45:19.310+0000] {processor.py:830} INFO - Processing file /opt/airflow/dags/dog_api_pipeline.py for tasks to queue
[2024-01-26T09:45:19.311+0000] {logging_mixin.py:188} INFO - [2024-01-26T09:45:19.310+0000] {dagbag.py:538} INFO - Filling up the DagBag from /opt/airflow/dags/dog_api_pipeline.py
[2024-01-26T09:45:19.320+0000] {processor.py:840} INFO - DAG(s) 'dog_api_pipeline' retrieved from /opt/airflow/dags/dog_api_pipeline.py
[2024-01-26T09:45:19.329+0000] {logging_mixin.py:188} INFO - [2024-01-26T09:45:19.329+0000] {dag.py:3033} INFO - Sync 1 DAGs
[2024-01-26T09:45:19.345+0000] {logging_mixin.py:188} INFO - [2024-01-26T09:45:19.345+0000] {dag.py:3820} INFO - Setting next_dagrun for dog_api_pipeline to None, run_after=None
[2024-01-26T09:45:19.368+0000] {processor.py:183} INFO - Processing /opt/airflow/dags/dog_api_pipeline.py took 0.061 seconds
[2024-01-26T09:45:31.378+0000] {processor.py:161} INFO - Started process (PID=284) to work on /opt/airflow/dags/dog_api_pipeline.py
[2024-01-26T09:45:31.379+0000] {processor.py:830} INFO - Processing file /opt/airflow/dags/dog_api_pipeline.py for tasks to queue
[2024-01-26T09:45:31.380+0000] {logging_mixin.py:188} INFO - [2024-01-26T09:45:31.379+0000] {dagbag.py:538} INFO - Filling up the DagBag from /opt/airflow/dags/dog_api_pipeline.py
[2024-01-26T09:45:31.387+0000] {processor.py:840} INFO - DAG(s) 'dog_api_pipeline' retrieved from /opt/airflow/dags/dog_api_pipeline.py
[2024-01-26T09:45:31.396+0000] {logging_mixin.py:188} INFO - [2024-01-26T09:45:31.396+0000] {dag.py:3033} INFO - Sync 1 DAGs
[2024-01-26T09:45:31.408+0000] {logging_mixin.py:188} INFO - [2024-01-26T09:45:31.407+0000] {dag.py:3820} INFO - Setting next_dagrun for dog_api_pipeline to None, run_after=None
[2024-01-26T09:45:31.430+0000] {processor.py:183} INFO - Processing /opt/airflow/dags/dog_api_pipeline.py took 0.055 seconds
[2024-01-26T09:46:01.510+0000] {processor.py:161} INFO - Started process (PID=307) to work on /opt/airflow/dags/dog_api_pipeline.py
[2024-01-26T09:46:01.511+0000] {processor.py:830} INFO - Processing file /opt/airflow/dags/dog_api_pipeline.py for tasks to queue
[2024-01-26T09:46:01.512+0000] {logging_mixin.py:188} INFO - [2024-01-26T09:46:01.512+0000] {dagbag.py:538} INFO - Filling up the DagBag from /opt/airflow/dags/dog_api_pipeline.py
[2024-01-26T09:46:01.519+0000] {processor.py:840} INFO - DAG(s) 'dog_api_pipeline' retrieved from /opt/airflow/dags/dog_api_pipeline.py
[2024-01-26T09:46:01.541+0000] {logging_mixin.py:188} INFO - [2024-01-26T09:46:01.541+0000] {dag.py:3033} INFO - Sync 1 DAGs
[2024-01-26T09:46:01.551+0000] {logging_mixin.py:188} INFO - [2024-01-26T09:46:01.551+0000] {dag.py:3820} INFO - Setting next_dagrun for dog_api_pipeline to None, run_after=None
[2024-01-26T09:46:01.569+0000] {processor.py:183} INFO - Processing /opt/airflow/dags/dog_api_pipeline.py took 0.061 seconds
[2024-01-26T09:46:31.675+0000] {processor.py:161} INFO - Started process (PID=341) to work on /opt/airflow/dags/dog_api_pipeline.py
[2024-01-26T09:46:31.676+0000] {processor.py:830} INFO - Processing file /opt/airflow/dags/dog_api_pipeline.py for tasks to queue
[2024-01-26T09:46:31.677+0000] {logging_mixin.py:188} INFO - [2024-01-26T09:46:31.677+0000] {dagbag.py:538} INFO - Filling up the DagBag from /opt/airflow/dags/dog_api_pipeline.py
[2024-01-26T09:46:31.687+0000] {processor.py:840} INFO - DAG(s) 'dog_api_pipeline' retrieved from /opt/airflow/dags/dog_api_pipeline.py
[2024-01-26T09:46:31.742+0000] {logging_mixin.py:188} INFO - [2024-01-26T09:46:31.742+0000] {dag.py:3033} INFO - Sync 1 DAGs
[2024-01-26T09:46:31.758+0000] {logging_mixin.py:188} INFO - [2024-01-26T09:46:31.758+0000] {dag.py:3820} INFO - Setting next_dagrun for dog_api_pipeline to None, run_after=None
[2024-01-26T09:46:31.780+0000] {processor.py:183} INFO - Processing /opt/airflow/dags/dog_api_pipeline.py took 0.109 seconds
[2024-01-26T09:47:01.888+0000] {processor.py:161} INFO - Started process (PID=367) to work on /opt/airflow/dags/dog_api_pipeline.py
[2024-01-26T09:47:01.889+0000] {processor.py:830} INFO - Processing file /opt/airflow/dags/dog_api_pipeline.py for tasks to queue
[2024-01-26T09:47:01.890+0000] {logging_mixin.py:188} INFO - [2024-01-26T09:47:01.890+0000] {dagbag.py:538} INFO - Filling up the DagBag from /opt/airflow/dags/dog_api_pipeline.py
[2024-01-26T09:47:01.897+0000] {processor.py:840} INFO - DAG(s) 'dog_api_pipeline' retrieved from /opt/airflow/dags/dog_api_pipeline.py
[2024-01-26T09:47:01.923+0000] {logging_mixin.py:188} INFO - [2024-01-26T09:47:01.922+0000] {dag.py:3033} INFO - Sync 1 DAGs
[2024-01-26T09:47:01.934+0000] {logging_mixin.py:188} INFO - [2024-01-26T09:47:01.933+0000] {dag.py:3820} INFO - Setting next_dagrun for dog_api_pipeline to None, run_after=None
[2024-01-26T09:47:01.955+0000] {processor.py:183} INFO - Processing /opt/airflow/dags/dog_api_pipeline.py took 0.070 seconds
